<?xml version="1.0" encoding="UTF-8"?>
<!-- Generated by org.testng.reporters.JUnitReportReporter -->
<testsuite skipped="0" hostname="qaplanet34" name="WebDriver.PeopleSubscribtionTest" tests="2" failures="0" timestamp="11 Sep 2017 08:44:57 GMT" time="0.024" errors="0">
  <testcase name="Test1" time="0.022" classname="WebDriver.PeopleSubscribtionTest"/>
  <testcase name="test2" time="0.002" classname="WebDriver.PeopleSubscribtionTest"/>
</testsuite> <!-- WebDriver.PeopleSubscribtionTest -->
