<?xml version="1.0" encoding="UTF-8"?>
<!-- Generated by org.testng.reporters.JUnitReportReporter -->
<testsuite skipped="0" hostname="qaplanet34" name="webdriverExamples.TestNgEx" tests="1" failures="0" timestamp="13 Sep 2017 09:41:30 GMT" time="5.614" errors="0">
  <testcase name="VerifyOrangeHRM" time="5.614" classname="webdriverExamples.TestNgEx"/>
</testsuite> <!-- webdriverExamples.TestNgEx -->
