<?xml version="1.0" encoding="UTF-8"?>
<!-- Generated by org.testng.reporters.JUnitReportReporter -->
<testsuite skipped="0" hostname="qaplanet34" name="webdriverExamples.TestNgExa_Tc1" tests="3" failures="0" timestamp="13 Sep 2017 09:42:01 GMT" time="0.014" errors="0">
  <testcase name="method4" time="0.011" classname="webdriverExamples.TestNgExa_Tc1"/>
  <testcase name="method3" time="0.002" classname="webdriverExamples.TestNgExa_Tc1"/>
  <testcase name="method2" time="0.001" classname="webdriverExamples.TestNgExa_Tc1"/>
</testsuite> <!-- webdriverExamples.TestNgExa_Tc1 -->
