<?xml version="1.0" encoding="UTF-8"?>
<!-- Generated by org.testng.reporters.JUnitReportReporter -->
<testsuite skipped="0" hostname="qaplanet34" name="webdriverExamples.TestNG_Grid" tests="2" failures="0" timestamp="14 Sep 2017 05:35:54 GMT" time="45.097" errors="0">
  <testcase name="ApplicationAccess1" time="24.394" classname="webdriverExamples.TestNG_Grid"/>
  <testcase name="ApplicationAccess2" time="20.703" classname="webdriverExamples.TestNG_Grid"/>
</testsuite> <!-- webdriverExamples.TestNG_Grid -->
